<?xml version="1.0" encoding="UTF-8"?>
<testng-results ignored="0" total="1" passed="1" failed="0" skipped="0">
  <reporter-output>
  </reporter-output>
  <suite started-at="2025-02-01T09:14:32 IST" name="Surefire suite" finished-at="2025-02-01T09:14:37 IST" duration-ms="5452">
    <groups>
    </groups>
    <test started-at="2025-02-01T09:14:32 IST" name="Surefire test" finished-at="2025-02-01T09:14:37 IST" duration-ms="5452">
      <class name="Scratch_APISK05.ProjectScratch_APISK05.AppTest">
        <test-method signature="shouldAnswerWithTrue()" started-at="2025-02-01T09:14:32 IST" name="shouldAnswerWithTrue" finished-at="2025-02-01T09:14:32 IST" duration-ms="6" status="PASS">
          <reporter-output>
          </reporter-output>
        </test-method> <!-- shouldAnswerWithTrue -->
      </class> <!-- Scratch_APISK05.ProjectScratch_APISK05.AppTest -->
    </test> <!-- Surefire test -->
  </suite> <!-- Surefire suite -->
</testng-results>
